<?xml version="1.0" encoding="UTF-8"?>
<!-- Generated by org.testng.reporters.JUnitReportReporter -->
<testsuite hostname="LAPTOP-AHPC46PD" failures="0" tests="1" name="qaclickacademy.WeatherGetRequest" time="2.773" errors="0" timestamp="2020-04-19T15:11:45 IST" skipped="0">
  <testcase classname="qaclickacademy.WeatherGetRequest" name="Test_07" time="2.773"/>
  <system-out/>
</testsuite> <!-- qaclickacademy.WeatherGetRequest -->
